f:\libevent\win32\debug\libevent.pdb
f:\libevent\win32\debug\libevent.idb
f:\libevent\win32\debug\strlcpy.obj
f:\libevent\win32\debug\signal.obj
f:\libevent\win32\debug\log.obj
f:\libevent\win32\debug\listener.obj
f:\libevent\win32\debug\evutil_time.obj
f:\libevent\win32\debug\evutil_rand.obj
f:\libevent\win32\debug\evutil.obj
f:\libevent\win32\debug\evthread_win32.obj
f:\libevent\win32\debug\evthread.obj
f:\libevent\win32\debug\evmap.obj
f:\libevent\win32\debug\event_iocp.obj
f:\libevent\win32\debug\event.obj
f:\libevent\win32\debug\buffer_iocp.obj
f:\libevent\win32\debug\bufferevent_sock.obj
f:\libevent\win32\debug\bufferevent_ratelim.obj
f:\libevent\win32\debug\bufferevent_pair.obj
f:\libevent\win32\debug\bufferevent_filter.obj
f:\libevent\win32\debug\bufferevent_async.obj
f:\libevent\win32\debug\bufferevent.obj
f:\libevent\win32\debug\buffer.obj
f:\libevent\win32\debug\win32select.obj
f:\libevent\libs\win32\debug\libevent.lib
f:\libevent\\libs\win32\debug\libevent.pdb
f:\libevent\\libs\win32\debug\libevent.lib
f:\libevent\win32\debug\libevent.tlog\cl.command.1.tlog
f:\libevent\win32\debug\libevent.tlog\cl.read.1.tlog
f:\libevent\win32\debug\libevent.tlog\cl.write.1.tlog
f:\libevent\win32\debug\libevent.tlog\lib-link.read.1.tlog
f:\libevent\win32\debug\libevent.tlog\lib-link.write.1.tlog
f:\libevent\win32\debug\libevent.tlog\lib.command.1.tlog
