f:\libevent\release\libevent.pdb
f:\libevent\release\strlcpy.obj
f:\libevent\release\signal.obj
f:\libevent\release\log.obj
f:\libevent\release\listener.obj
f:\libevent\release\evutil_time.obj
f:\libevent\release\evutil_rand.obj
f:\libevent\release\evutil.obj
f:\libevent\release\evthread_win32.obj
f:\libevent\release\evthread.obj
f:\libevent\release\evmap.obj
f:\libevent\release\event_iocp.obj
f:\libevent\release\event.obj
f:\libevent\release\buffer_iocp.obj
f:\libevent\release\bufferevent_sock.obj
f:\libevent\release\bufferevent_ratelim.obj
f:\libevent\release\bufferevent_pair.obj
f:\libevent\release\bufferevent_filter.obj
f:\libevent\release\bufferevent_async.obj
f:\libevent\release\bufferevent.obj
f:\libevent\release\buffer.obj
f:\libevent\release\win32select.obj
f:\libevent\release\libevent.lib
f:\libevent\\release\libevent.pdb
f:\libevent\\release\libevent.lib
f:\libevent\release\libevent.tlog\cl.command.1.tlog
f:\libevent\release\libevent.tlog\cl.read.1.tlog
f:\libevent\release\libevent.tlog\cl.write.1.tlog
f:\libevent\release\libevent.tlog\lib-link.read.1.tlog
f:\libevent\release\libevent.tlog\lib-link.write.1.tlog
f:\libevent\release\libevent.tlog\lib.command.1.tlog
